M2HAI Debugger:
⚠️ ERROR DETECTED

⏰ Time: 2026-05-14 20:46:49
📱 Device: Xiaomi 23122PCD1I (Android 16)
📦 App: M2HAI 1.0 (1)
📺 Screen: Chat

💬 Message: Chat: Streaming failed

📂 Stack Trace:
java.lang.Exception: Streaming error (500): {"error":"Unexpected non-whitespace character after JSON at position 4 (line 1 column 5)"}
 at com.m2h.m2haichatbot.data.remote.NvidiaAIService$streamChat$1.invokeSuspend(NvidiaAIService.kt:102)
 at kotlin.coroutines.jvm.internal.BaseContinuationImpl.resumeWith(ContinuationImpl.kt:33)
 at kotlinx.coroutines.DispatchedTask.run(DispatchedTask.kt:104)
 at android.os.Handler.handleCallback(Handler.java:1029)
 at android.os.Handler.dispatchMessage(Handler.java:107)
 at android.os.Looper.loopOnce(Looper.java:267)
 at android.os.Looper.loop(Looper.java:360)
 at android.app.ActivityThread.main(ActivityThread.java:10054)
 at java.lang.reflect.Method.invoke(Native Method)
 at com.android.internal.os.RuntimeInit$MethodAndArgsCaller.run(RuntimeInit.java:616)
 at com.android.internal.os.ZygoteInit.main(ZygoteInit.java:1115)

⚠️ ERROR DETECTED

⏰ Time: 2026-05-14 20:48:42
📱 Device: Xiaomi 23122PCD1I (Android 16)
📦 App: M2HAI 1.0 (1)
📺 Screen: Chat

💬 Message: Chat: Streaming failed

📂 Stack Trace:
java.lang.Exception: Streaming error (500): {"error":"Unexpected non-whitespace character after JSON at position 4 (line 1 column 5)"}
 at com.m2h.m2haichatbot.data.remote.NvidiaAIService$streamChat$1.invokeSuspend(NvidiaAIService.kt:102)
 at kotlin.coroutines.jvm.internal.BaseContinuationImpl.resumeWith(ContinuationImpl.kt:33)
 at kotlinx.coroutines.DispatchedTask.run(DispatchedTask.kt:104)
 at android.os.Handler.handleCallback(Handler.java:1029)
 at android.os.Handler.dispatchMessage(Handler.java:107)
 at android.os.Looper.loopOnce(Looper.java:267)
 at android.os.Looper.loop(Looper.java:360)
 at android.app.ActivityThread.main(ActivityThread.java:10054)
 at java.lang.reflect.Method.invoke(Native Method)
 at com.android.internal.os.RuntimeInit$MethodAndArgsCaller.run(RuntimeInit.java:616)
 at com.android.internal.os.ZygoteInit.main(ZygoteInit.java:1115)

⚠️ ERROR DETECTED

⏰ Time: 2026-05-14 20:49:29
📱 Device: Xiaomi 23122PCD1I (Android 16)
📦 App: M2HAI 1.0 (1)
📺 Screen: Chat

💬 Message: Chat: Streaming failed

📂 Stack Trace:
java.lang.Exception: Cannot send an empty message history
 at com.m2h.m2haichatbot.data.remote.NvidiaAIService$streamChat$1.invokeSuspend(NvidiaAIService.kt:66)
 at com.m2h.m2haichatbot.data.remote.NvidiaAIService$streamChat$1.invoke(Unknown Source:8)
 at com.m2h.m2haichatbot.data.remote.NvidiaAIService$streamChat$1.invoke(Unknown Source:4)
 at kotlinx.coroutines.flow.SafeFlow.collectSafely(Builders.kt:57)
 at kotlinx.coroutines.flow.AbstractFlow.collect(Flow.kt:226)
 at com.m2h.m2haichatbot.data.repository.ChatRepositoryImpl$streamChatResponse$2.invokeSuspend(RepositoryImpl.kt:281)
 at com.m2h.m2haichatbot.data.repository.ChatRepositoryImpl$streamChatResponse$2.invoke(Unknown Source:8)
 at com.m2h.m2haichatbot.data.repository.ChatRepositoryImpl$streamChatResponse$2.invoke(Unknown Source:4)
 at kotlinx.coroutines.flow.SafeFlow.collectSafely(Builders.kt:57)
 at kotlinx.coroutines.flow.AbstractFlow.collect(Flow.kt:226)
 at com.m2h.m2haichatbot.presentation.chat.ChatViewModel$streamAIResponse$1.invokeSuspend(ChatViewModel.kt:99)
 at kotlin.coroutines.jvm.internal.BaseContinuationImpl.resumeWith(ContinuationImpl.kt:33)
 at kotlinx.coroutines.internal.DispatchedContinuationKt.resumeCancellableWith(DispatchedContinuation.kt:363)
 at kotlinx.coroutines.intrinsics.CancellableKt.startCoroutineCancellable(Cancellable.kt:26)
 at kotlinx.coroutines.intrinsics.CancellableKt.startCoroutineCancellable$default(Cancellable.kt:21)
 at kotlinx.coroutines.CoroutineStart.invoke(CoroutineStart.kt:88)
 at kotlinx.coroutines.AbstractCoroutine.start(AbstractCoroutine.kt:123)
 at kotlinx.coroutines.BuildersKt__Builders_commonKt.launch(Builders.common.kt:52)
 at kotlinx.coroutines.BuildersKt.launch(Unknown Source:1)
 at kotlinx.coroutines.BuildersKt__Builders_commonKt.launch$default(Builders.common.kt:43)
 at kotlinx.coroutines.BuildersKt.launch$default(Unknown Source:1)
 at com.m2h.m2haichatbot.presentation.chat.ChatViewModel.streamAIResponse(ChatViewModel.kt:85)
 at com.m2h.m2haichatbot.presentation.chat.ChatViewModel.access$streamAIResponse(ChatViewModel.kt:24)
 at com.m2h.m2haichatbot.presentation.chat.ChatViewModel$sendMessage$1.invokeSuspend(ChatViewModel.kt:71)
 at kotlin.coroutines.jvm.internal.BaseContinuationImpl.resumeWith(ContinuationImpl.kt:33)
 at kotlinx.coroutines.DispatchedTask.run(DispatchedTask.kt:104)
 at android.os.Handler.handleCallback(Handler.java:1029)
 at android.os.Handler.dispatchMessage(Handler.java:107)
 at android.os.Looper.loopOnce(Looper.java:267)
 at android.os.Looper.loop(Looper.java:360)
 at android.app.ActivityThread.main(ActivityThread.java:10054)
 at java.lang.reflect.Method.invoke(Native Method)
 at com.android.internal.os.RuntimeInit$MethodAndArgsCaller.run(RuntimeInit.java:616)
 at com.android.internal.os.ZygoteInit.main(ZygoteInit.java:1115)

⚠️ ERROR DETECTED

⏰ Time: 2026-05-14 20:49:43
📱 Device: Xiaomi 23122PCD1I (Android 16)
📦 App: M2HAI 1.0 (1)
📺 Screen: Chat

💬 Message: Chat: Streaming failed

📂 Stack Trace:
java.lang.Exception: Streaming error (500): {"error":"Unexpected non-whitespace character after JSON at position 4 (line 1 column 5)"}
 at com.m2h.m2haichatbot.data.remote.NvidiaAIService$streamChat$1.invokeSuspend(NvidiaAIService.kt:102)
 at kotlin.coroutines.jvm.internal.BaseContinuationImpl.resumeWith(ContinuationImpl.kt:33)
 at kotlinx.coroutines.DispatchedTask.run(DispatchedTask.kt:104)
 at android.os.Handler.handleCallback(Handler.java:1029)
 at android.os.Handler.dispatchMessage(Handler.java:107)
 at android.os.Looper.loopOnce(Looper.java:267)
 at android.os.Looper.loop(Looper.java:360)
 at android.app.ActivityThread.main(ActivityThread.java:10054)
 at java.lang.reflect.Method.invoke(Native Method)
 at com.android.internal.os.RuntimeInit$MethodAndArgsCaller.run(RuntimeInit.java:616)
 at com.android.internal.os.ZygoteInit.main(ZygoteInit.java:1115)

⚠️ ERROR DETECTED

⏰ Time: 2026-05-14 20:56:25
📱 Device: Xiaomi 23122PCD1I (Android 16)
📦 App: M2HAI 1.0 (1)
📺 Screen: Chat

💬 Message: Chat: Streaming failed

📂 Stack Trace:
java.lang.Exception: Streaming error (500): {"error":"Unexpected non-whitespace character after JSON at position 4 (line 1 column 5)"}
 at com.m2h.m2haichatbot.data.remote.NvidiaAIService$streamChat$1.invokeSuspend(NvidiaAIService.kt:102)
 at kotlin.coroutines.jvm.internal.BaseContinuationImpl.resumeWith(ContinuationImpl.kt:33)
 at kotlinx.coroutines.DispatchedTask.run(DispatchedTask.kt:104)
 at android.os.Handler.handleCallback(Handler.java:1029)
 at android.os.Handler.dispatchMessage(Handler.java:107)
 at android.os.Looper.loopOnce(Looper.java:267)
 at android.os.Looper.loop(Looper.java:360)
 at android.app.ActivityThread.main(ActivityThread.java:10054)
 at java.lang.reflect.Method.invoke(Native Method)
 at com.android.internal.os.RuntimeInit$MethodAndArgsCaller.run(RuntimeInit.java:616)
 at com.android.internal.os.ZygoteInit.main(ZygoteInit.java:1115)

⚠️ ERROR DETECTED

⏰ Time: 2026-05-14 20:56:44
📱 Device: Xiaomi 23122PCD1I (Android 16)
📦 App: M2HAI 1.0 (1)
📺 Screen: Chat

💬 Message: Chat: Streaming failed

📂 Stack Trace:
java.lang.Exception: Streaming error (500): {"error":"Unexpected non-whitespace character after JSON at position 4 (line 1 column 5)"}
 at com.m2h.m2haichatbot.data.remote.NvidiaAIService$streamChat$1.invokeSuspend(NvidiaAIService.kt:102)
 at kotlin.coroutines.jvm.internal.BaseContinuationImpl.resumeWith(ContinuationImpl.kt:33)
 at kotlinx.coroutines.DispatchedTask.run(DispatchedTask.kt:104)
 at android.os.Handler.handleCallback(Handler.java:1029)
 at android.os.Handler.dispatchMessage(Handler.java:107)
 at android.os.Looper.loopOnce(Looper.java:267)
 at android.os.Looper.loop(Looper.java:360)
 at android.app.ActivityThread.main(ActivityThread.java:10054)
 at java.lang.reflect.Method.invoke(Native Method)
 at com.android.internal.os.RuntimeInit$MethodAndArgsCaller.run(RuntimeInit.java:616)
 at com.android.internal.os.ZygoteInit.main(ZygoteInit.java:1115)

⚠️ ERROR DETECTED

⏰ Time: 2026-05-14 20:58:13
📱 Device: Xiaomi 23122PCD1I (Android 16)
📦 App: M2HAI 1.0 (1)
📺 Screen: Chat

💬 Message: Chat: Streaming failed

📂 Stack Trace:
java.lang.Exception: Cannot send an empty message history
 at com.m2h.m2haichatbot.data.remote.NvidiaAIService$streamChat$1.invokeSuspend(NvidiaAIService.kt:66)
 at com.m2h.m2haichatbot.data.remote.NvidiaAIService$streamChat$1.invoke(Unknown Source:8)
 at com.m2h.m2haichatbot.data.remote.NvidiaAIService$streamChat$1.invoke(Unknown Source:4)
 at kotlinx.coroutines.flow.SafeFlow.collectSafely(Builders.kt:57)
 at kotlinx.coroutines.flow.AbstractFlow.collect(Flow.kt:226)
 at com.m2h.m2haichatbot.data.repository.ChatRepositoryImpl$streamChatResponse$2.invokeSuspend(RepositoryImpl.kt:281)
 at com.m2h.m2haichatbot.data.repository.ChatRepositoryImpl$streamChatResponse$2.invoke(Unknown Source:8)
 at com.m2h.m2haichatbot.data.repository.ChatRepositoryImpl$streamChatResponse$2.invoke(Unknown Source:4)
 at kotlinx.coroutines.flow.SafeFlow.collectSafely(Builders.kt:57)
 at kotlinx.coroutines.flow.AbstractFlow.collect(Flow.kt:226)
 at com.m2h.m2haichatbot.presentation.chat.ChatViewModel$streamAIResponse$1.invokeSuspend(ChatViewModel.kt:99)
 at kotlin.coroutines.jvm.internal.BaseContinuationImpl.resumeWith(ContinuationImpl.kt:33)
 at kotlinx.coroutines.internal.DispatchedContinuationKt.resumeCancellableWith(DispatchedContinuation.kt:363)
 at kotlinx.coroutines.intrinsics.CancellableKt.startCoroutineCancellable(Cancellable.kt:26)
 at kotlinx.coroutines.intrinsics.CancellableKt.startCoroutineCancellable$default(Cancellable.kt:21)
 at kotlinx.coroutines.CoroutineStart.invoke(CoroutineStart.kt:88)
 at kotlinx.coroutines.AbstractCoroutine.start(AbstractCoroutine.kt:123)
 at kotlinx.coroutines.BuildersKt__Builders_commonKt.launch(Builders.common.kt:52)
 at kotlinx.coroutines.BuildersKt.launch(Unknown Source:1)
 at kotlinx.coroutines.BuildersKt__Builders_commonKt.launch$default(Builders.common.kt:43)
 at kotlinx.coroutines.BuildersKt.launch$default(Unknown Source:1)
 at com.m2h.m2haichatbot.presentation.chat.ChatViewModel.streamAIResponse(ChatViewModel.kt:85)
 at com.m2h.m2haichatbot.presentation.chat.ChatViewModel.access$streamAIResponse(ChatViewModel.kt:24)
 at com.m2h.m2haichatbot.presentation.chat.ChatViewModel$sendMessage$1.invokeSuspend(ChatViewModel.kt:71)
 at kotlin.coroutines.jvm.internal.BaseContinuationImpl.resumeWith(ContinuationImpl.kt:33)
 at kotlinx.coroutines.DispatchedTask.run(DispatchedTask.kt:104)
 at android.os.Handler.handleCallback(Handler.java:1029)
 at android.os.Handler.dispatchMessage(Handler.java:107)
 at android.os.Looper.loopOnce(Looper.java:267)
 at android.os.Looper.loop(Looper.java:360)
 at android.app.ActivityThread.main(ActivityThread.java:10054)
 at java.lang.reflect.Method.invoke(Native Method)
 at com.android.internal.os.RuntimeInit$MethodAndArgsCaller.run(RuntimeInit.java:616)
 at com.android.internal.os.ZygoteInit.main(ZygoteInit.java:1115)

⚠️ ERROR DETECTED

⏰ Time: 2026-05-14 20:58:27
📱 Device: Xiaomi 23122PCD1I (Android 16)
📦 App: M2HAI 1.0 (1)
📺 Screen: Network

💬 Message: Network failure: timeout

📝 Extra: URL: https://hmovjjnhpchohwuwegvg.supabase.co/functions/v1/chat

📂 Stack Trace:
java.net.SocketTimeoutException: timeout
 at okhttp3.internal.http2.Http2Stream$StreamTimeout.newTimeoutException(Http2Stream.kt:675)
 at okhttp3.internal.http2.Http2Stream$StreamTimeout.exitAndThrowIfTimedOut(Http2Stream.kt:684)
 at okhttp3.internal.http2.Http2Stream.takeHeaders(Http2Stream.kt:143)
 at okhttp3.internal.http2.Http2ExchangeCodec.readResponseHeaders(Http2ExchangeCodec.kt:97)
 at okhttp3.internal.connection.Exchange.readResponseHeaders(Exchange.kt:110)
 at okhttp3.internal.http.CallServerInterceptor.intercept(CallServerInterceptor.kt:93)
 at okhttp3.internal.http.RealInterceptorChain.proceed(RealInterceptorChain.kt:109)
 at okhttp3.internal.connection.ConnectInterceptor.intercept(ConnectInterceptor.kt:34)
 at okhttp3.internal.http.RealInterceptorChain.proceed(RealInterceptorChain.kt:109)
 at okhttp3.internal.cache.CacheInterceptor.intercept(CacheInterceptor.kt:95)
 at okhttp3.internal.http.RealInterceptorChain.proceed(RealInterceptorChain.kt:109)
 at okhttp3.internal.http.BridgeInterceptor.intercept(BridgeInterceptor.kt:83)
 at okhttp3.internal.http.RealInterceptorChain.proceed(RealInterceptorChain.kt:109)
 at okhttp3.internal.http.RetryAndFollowUpInterceptor.intercept(RetryAndFollowUpInterceptor.kt:76)
 at okhttp3.internal.http.RealInterceptorChain.proceed(RealInterceptorChain.kt:109)
 at com.m2h.m2haichatbot.di.AppModule.provideOkHttpClient$lambda$1(AppModule.kt:57)
 at com.m2h.m2haichatbot.di.AppModule.$r8$lambda$6Yw6qaWRI9SAEwBAnlCiRlmOIOQ(Unknown Source:0)
 at com.m2h.m2haichatbot.di.AppModule$$ExternalSyntheticLambda0.intercept(Unknown Source:0)
 at okhttp3.internal.http.RealInterceptorChain.proceed(RealInterceptorChain.kt:109)
 at okhttp3.logging.HttpLoggingInterceptor.intercept(HttpLoggingInterceptor.kt:221)
 at okhttp3.internal.http.RealInterceptorChain.proceed(RealInterceptorChain.kt:109)
 at okhttp3.internal.connection.RealCall.getResponseWithInterceptorChain$okhttp(RealCall.kt:201)
 at okhttp3.internal.connection.RealCall.execute(RealCall.kt:154)
 at com.m2h.m2haichatbot.data.remote.NvidiaAIService$streamChat$1$response$1.invokeSuspend(NvidiaAIService.kt:91)
 at kotlin.coroutines.jvm.internal.BaseContinuationImpl.resumeWith(ContinuationImpl.kt:33)
 at kotlinx.coroutines.DispatchedTask.run(DispatchedTask.kt:104)
 at kotlinx.coroutines.internal.LimitedDispatcher$Worker.run(LimitedDispatcher.kt:111)
 at kotlinx.coroutines.scheduling.TaskImpl.run(Tasks.kt:99)
 at kotlinx.coroutines.scheduling.CoroutineScheduler.runSafely(CoroutineScheduler.kt:584)
 at kotlinx.coroutines.scheduling.CoroutineScheduler$Worker.executeTask(CoroutineScheduler.kt:811)
 at kotlinx.coroutines.scheduling.CoroutineScheduler$Worker.runWorker(CoroutineScheduler.kt:715)
 at kotlinx.coroutines.scheduling.CoroutineScheduler$Worker.run(CoroutineScheduler.kt:702)

⚠️ ERROR DETECTED

⏰ Time: 2026-05-14 20:58:27
📱 Device: Xiaomi 23122PCD1I (Android 16)
📦 App: M2HAI 1.0 (1)
📺 Screen: Chat

💬 Message: Chat: Streaming failed

📂 Stack Trace:
java.net.SocketTimeoutException: timeout
 at okhttp3.internal.http2.Http2Stream$StreamTimeout.newTimeoutException(Http2Stream.kt:675)
 at okhttp3.internal.http2.Http2Stream$StreamTimeout.exitAndThrowIfTimedOut(Http2Stream.kt:684)
 at okhttp3.internal.http2.Http2Stream.takeHeaders(Http2Stream.kt:143)
 at okhttp3.internal.http2.Http2ExchangeCodec.readResponseHeaders(Http2ExchangeCodec.kt:97)
 at okhttp3.internal.connection.Exchange.readResponseHeaders(Exchange.kt:110)
 at okhttp3.internal.http.CallServerInterceptor.intercept(CallServerInterceptor.kt:93)
 at okhttp3.internal.http.RealInterceptorChain.proceed(RealInterceptorChain.kt:109)
 at okhttp3.internal.connection.ConnectInterceptor.intercept(ConnectInterceptor.kt:34)
 at okhttp3.internal.http.RealInterceptorChain.proceed(RealInterceptorChain.kt:109)
 at okhttp3.internal.cache.CacheInterceptor.intercept(CacheInterceptor.kt:95)
 at okhttp3.internal.http.RealInterceptorChain.proceed(RealInterceptorChain.kt:109)
 at okhttp3.internal.http.BridgeInterceptor.intercept(BridgeInterceptor.kt:83)
 at okhttp3.internal.http.RealInterceptorChain.proceed(RealInterceptorChain.kt:109)
 at okhttp3.internal.http.RetryAndFollowUpInterceptor.intercept(RetryAndFollowUpInterceptor.kt:76)
 at okhttp3.internal.http.RealInterceptorChain.proceed(RealInterceptorChain.kt:109)
 at com.m2h.m2haichatbot.di.AppModule.provideOkHttpClient$lambda$1(AppModule.kt:57)
 at com.m2h.m2haichatbot.di.AppModule.$r8$lambda$6Yw6qaWRI9SAEwBAnlCiRlmOIOQ(Unknown Source:0)
 at com.m2h.m2haichatbot.di.AppModule$$ExternalSyntheticLambda0.intercept(Unknown Source:0)
 at okhttp3.internal.http.RealInterceptorChain.proceed(RealInterceptorChain.kt:109)
 at okhttp3.logging.HttpLoggingInterceptor.intercept(HttpLoggingInterceptor.kt:221)
 at okhttp3.internal.http.RealInterceptorChain.proceed(RealInterceptorChain.kt:109)
 at okhttp3.internal.connection.RealCall.getResponseWithInterceptorChain$okhttp(RealCall.kt:201)
 at okhttp3.internal.connection.RealCall.execute(RealCall.kt:154)
 at com.m2h.m2haichatbot.data.remote.NvidiaAIService$streamChat$1$response$1.invokeSuspend(NvidiaAIService.kt:91)
 at kotlin.coroutines.jvm.internal.BaseContinuationImpl.resumeWith(ContinuationImpl.kt:33)
 at kotlinx.coroutines.DispatchedTask.run(DispatchedTask.kt:104)
 at kotlinx.coroutines.internal.LimitedDispatcher$Worker.run(LimitedDispatcher.kt:111)
 at kotlinx.coroutines.scheduling.TaskImpl.run(Tasks.kt:99)
 at kotlinx.coroutines.scheduling.CoroutineScheduler.runSafely(CoroutineScheduler.kt:584)
 at kotlinx.coroutines.scheduling.CoroutineScheduler$Worker.executeTask(CoroutineScheduler.kt:811)
 at kotlinx.coroutines.scheduling.CoroutineScheduler$Worker.runWorker(CoroutineScheduler.kt:715)
 at kotlinx.coroutines.scheduling.CoroutineScheduler$Worker.run(CoroutineScheduler.kt:702)

⚠️ ERROR DETECTED

⏰ Time: 2026-05-14 20:59:09
📱 Device: Xiaomi 23122PCD1I (Android 16)
📦 App: M2HAI 1.0 (1)
📺 Screen: Chat

💬 Message: Chat: Streaming failed

📂 Stack Trace:
java.net.SocketTimeoutException: timeout
 at okhttp3.internal.http2.Http2Stream$StreamTimeout.newTimeoutException(Http2Stream.kt:675)
 at okhttp3.internal.http2.Http2Stream$StreamTimeout.exitAndThrowIfTimedOut(Http2Stream.kt:684)
 at okhttp3.internal.http2.Http2Stream.takeHeaders(Http2Stream.kt:143)
 at okhttp3.internal.http2.Http2ExchangeCodec.readResponseHeaders(Http2ExchangeCodec.kt:97)
 at okhttp3.internal.connection.Exchange.readResponseHeaders(Exchange.kt:110)
 at okhttp3.internal.http.CallServerInterceptor.intercept(CallServerInterceptor.kt:93)
 at okhttp3.internal.http.RealInterceptorChain.proceed(RealInterceptorChain.kt:109)
 at okhttp3.internal.connection.ConnectInterceptor.intercept(ConnectInterceptor.kt:34)
 at okhttp3.internal.http.RealInterceptorChain.proceed(RealInterceptorChain.kt:109)
 at okhttp3.internal.cache.CacheInterceptor.intercept(CacheInterceptor.kt:95)
 at okhttp3.internal.http.RealInterceptorChain.proceed(RealInterceptorChain.kt:109)
 at okhttp3.internal.http.BridgeInterceptor.intercept(BridgeInterceptor.kt:83)
 at okhttp3.internal.http.RealInterceptorChain.proceed(RealInterceptorChain.kt:109)
 at okhttp3.internal.http.RetryAndFollowUpInterceptor.intercept(RetryAndFollowUpInterceptor.kt:76)
 at okhttp3.internal.http.RealInterceptorChain.proceed(RealInterceptorChain.kt:109)
 at com.m2h.m2haichatbot.di.AppModule.provideOkHttpClient$lambda$1(AppModule.kt:57)
 at com.m2h.m2haichatbot.di.AppModule.$r8$lambda$6Yw6qaWRI9SAEwBAnlCiRlmOIOQ(Unknown Source:0)
 at com.m2h.m2haichatbot.di.AppModule$$ExternalSyntheticLambda0.intercept(Unknown Source:0)
 at okhttp3.internal.http.RealInterceptorChain.proceed(RealInterceptorChain.kt:109)
 at okhttp3.logging.HttpLoggingInterceptor.intercept(HttpLoggingInterceptor.kt:221)
 at okhttp3.internal.http.RealInterceptorChain.proceed(RealInterceptorChain.kt:109)
 at okhttp3.internal.connection.RealCall.getResponseWithInterceptorChain$okhttp(RealCall.kt:201)
 at okhttp3.internal.connection.RealCall.execute(RealCall.kt:154)
 at com.m2h.m2haichatbot.data.remote.NvidiaAIService$streamChat$1$response$1.invokeSuspend(NvidiaAIService.kt:91)
 at kotlin.coroutines.jvm.internal.BaseContinuationImpl.resumeWith(ContinuationImpl.kt:33)
 at kotlinx.coroutines.DispatchedTask.run(DispatchedTask.kt:104)
 at kotlinx.coroutines.internal.LimitedDispatcher$Worker.run(LimitedDispatcher.kt:111)
 at kotlinx.coroutines.scheduling.TaskImpl.run(Tasks.kt:99)
 at kotlinx.coroutines.scheduling.CoroutineScheduler.runSafely(CoroutineScheduler.kt:584)
 at kotlinx.coroutines.scheduling.CoroutineScheduler$Worker.executeTask(CoroutineScheduler.kt:811)
 at kotlinx.coroutines.scheduling.CoroutineScheduler$Worker.runWorker(CoroutineScheduler.kt:715)
 at kotlinx.coroutines.scheduling.CoroutineScheduler$Worker.run(CoroutineScheduler.kt:702)

⚠️ ERROR DETECTED

⏰ Time: 2026-05-14 20:59:09
📱 Device: Xiaomi 23122PCD1I (Android 16)
📦 App: M2HAI 1.0 (1)
📺 Screen: Network

💬 Message: Network failure: timeout

📝 Extra: URL: https://hmovjjnhpchohwuwegvg.supabase.co/functions/v1/chat

📂 Stack Trace:
java.net.SocketTimeoutException: timeout
 at okhttp3.internal.http2.Http2Stream$StreamTimeout.newTimeoutException(Http2Stream.kt:675)
 at okhttp3.internal.http2.Http2Stream$StreamTimeout.exitAndThrowIfTimedOut(Http2Stream.kt:684)
 at okhttp3.internal.http2.Http2Stream.takeHeaders(Http2Stream.kt:143)
 at okhttp3.internal.http2.Http2ExchangeCodec.readResponseHeaders(Http2ExchangeCodec.kt:97)
 at okhttp3.internal.connection.Exchange.readResponseHeaders(Exchange.kt:110)
 at okhttp3.internal.http.CallServerInterceptor.intercept(CallServerInterceptor.kt:93)
 at okhttp3.internal.http.RealInterceptorChain.proceed(RealInterceptorChain.kt:109)
 at okhttp3.internal.connection.ConnectInterceptor.intercept(ConnectInterceptor.kt:34)
 at okhttp3.internal.http.RealInterceptorChain.proceed(RealInterceptorChain.kt:109)
 at okhttp3.internal.cache.CacheInterceptor.intercept(CacheInterceptor.kt:95)
 at okhttp3.internal.http.RealInterceptorChain.proceed(RealInterceptorChain.kt:109)
 at okhttp3.internal.http.BridgeInterceptor.intercept(BridgeInterceptor.kt:83)
 at okhttp3.internal.http.RealInterceptorChain.proceed(RealInterceptorChain.kt:109)
 at okhttp3.internal.http.RetryAndFollowUpInterceptor.intercept(RetryAndFollowUpInterceptor.kt:76)
 at okhttp3.internal.http.RealInterceptorChain.proceed(RealInterceptorChain.kt:109)
 at com.m2h.m2haichatbot.di.AppModule.provideOkHttpClient$lambda$1(AppModule.kt:57)
 at com.m2h.m2haichatbot.di.AppModule.$r8$lambda$6Yw6qaWRI9SAEwBAnlCiRlmOIOQ(Unknown Source:0)
 at com.m2h.m2haichatbot.di.AppModule$$ExternalSyntheticLambda0.intercept(Unknown Source:0)
 at okhttp3.internal.http.RealInterceptorChain.proceed(RealInterceptorChain.kt:109)
 at okhttp3.logging.HttpLoggingInterceptor.intercept(HttpLoggingInterceptor.kt:221)
 at okhttp3.internal.http.RealInterceptorChain.proceed(RealInterceptorChain.kt:109)
 at okhttp3.internal.connection.RealCall.getResponseWithInterceptorChain$okhttp(RealCall.kt:201)
 at okhttp3.internal.connection.RealCall.execute(RealCall.kt:154)
 at com.m2h.m2haichatbot.data.remote.NvidiaAIService$streamChat$1$response$1.invokeSuspend(NvidiaAIService.kt:91)
 at kotlin.coroutines.jvm.internal.BaseContinuationImpl.resumeWith(ContinuationImpl.kt:33)
 at kotlinx.coroutines.DispatchedTask.run(DispatchedTask.kt:104)
 at kotlinx.coroutines.internal.LimitedDispatcher$Worker.run(LimitedDispatcher.kt:111)
 at kotlinx.coroutines.scheduling.TaskImpl.run(Tasks.kt:99)
 at kotlinx.coroutines.scheduling.CoroutineScheduler.runSafely(CoroutineScheduler.kt:584)
 at kotlinx.coroutines.scheduling.CoroutineScheduler$Worker.executeTask(CoroutineScheduler.kt:811)
 at kotlinx.coroutines.scheduling.CoroutineScheduler$Worker.runWorker(CoroutineScheduler.kt:715)
 at kotlinx.coroutines.scheduling.CoroutineScheduler$Worker.run(CoroutineScheduler.kt:702)

⚠️ ERROR DETECTED

⏰ Time: 2026-05-14 20:59:25
📱 Device: Xiaomi 23122PCD1I (Android 16)
📦 App: M2HAI 1.0 (1)
📺 Screen: Chat

💬 Message: Chat: Streaming failed

📂 Stack Trace:
java.lang.Exception: Cannot send an empty message history
 at com.m2h.m2haichatbot.data.remote.NvidiaAIService$streamChat$1.invokeSuspend(NvidiaAIService.kt:66)
 at com.m2h.m2haichatbot.data.remote.NvidiaAIService$streamChat$1.invoke(Unknown Source:8)
 at com.m2h.m2haichatbot.data.remote.NvidiaAIService$streamChat$1.invoke(Unknown Source:4)
 at kotlinx.coroutines.flow.SafeFlow.collectSafely(Builders.kt:57)
 at kotlinx.coroutines.flow.AbstractFlow.collect(Flow.kt:226)
 at com.m2h.m2haichatbot.data.repository.ChatRepositoryImpl$streamChatResponse$2.invokeSuspend(RepositoryImpl.kt:281)
 at com.m2h.m2haichatbot.data.repository.ChatRepositoryImpl$streamChatResponse$2.invoke(Unknown Source:8)
 at com.m2h.m2haichatbot.data.repository.ChatRepositoryImpl$streamChatResponse$2.invoke(Unknown Source:4)
 at kotlinx.coroutines.flow.SafeFlow.collectSafely(Builders.kt:57)
 at kotlinx.coroutines.flow.AbstractFlow.collect(Flow.kt:226)
 at com.m2h.m2haichatbot.presentation.chat.ChatViewModel$streamAIResponse$1.invokeSuspend(ChatViewModel.kt:99)
 at kotlin.coroutines.jvm.internal.BaseContinuationImpl.resumeWith(ContinuationImpl.kt:33)
 at kotlinx.coroutines.internal.DispatchedContinuationKt.resumeCancellableWith(DispatchedContinuation.kt:363)
 at kotlinx.coroutines.intrinsics.CancellableKt.startCoroutineCancellable(Cancellable.kt:26)
 at kotlinx.coroutines.intrinsics.CancellableKt.startCoroutineCancellable$default(Cancellable.kt:21)
 at kotlinx.coroutines.CoroutineStart.invoke(CoroutineStart.kt:88)
 at kotlinx.coroutines.AbstractCoroutine.start(AbstractCoroutine.kt:123)
 at kotlinx.coroutines.BuildersKt__Builders_commonKt.launch(Builders.common.kt:52)
 at kotlinx.coroutines.BuildersKt.launch(Unknown Source:1)
 at kotlinx.coroutines.BuildersKt__Builders_commonKt.launch$default(Builders.common.kt:43)
 at kotlinx.coroutines.BuildersKt.launch$default(Unknown Source:1)
 at com.m2h.m2haichatbot.presentation.chat.ChatViewModel.streamAIResponse(ChatViewModel.kt:85)
 at com.m2h.m2haichatbot.presentation.chat.ChatViewModel.access$streamAIResponse(ChatViewModel.kt:24)
 at com.m2h.m2haichatbot.presentation.chat.ChatViewModel$sendMessage$1.invokeSuspend(ChatViewModel.kt:71)
 at kotlin.coroutines.jvm.internal.BaseContinuationImpl.resumeWith(ContinuationImpl.kt:33)
 at kotlinx.coroutines.DispatchedTask.run(DispatchedTask.kt:104)
 at android.os.Handler.handleCallback(Handler.java:1029)
 at android.os.Handler.dispatchMessage(Handler.java:107)
 at android.os.Looper.loopOnce(Looper.java:267)
 at android.os.Looper.loop(Looper.java:360)
 at android.app.ActivityThread.main(ActivityThread.java:10054)
 at java.lang.reflect.Method.invoke(Native Method)
 at com.android.internal.os.RuntimeInit$MethodAndArgsCaller.run(RuntimeInit.java:616)
 at com.android.internal.os.ZygoteInit.main(ZygoteInit.java:1115)

⚠️ ERROR DETECTED

⏰ Time: 2026-05-14 20:59:36
📱 Device: Xiaomi 23122PCD1I (Android 16)
📦 App: M2HAI 1.0 (1)
📺 Screen: Chat

💬 Message: Chat: Streaming failed

📂 Stack Trace:
java.lang.Exception: Streaming error (500): {"error":"Unexpected non-whitespace character after JSON at position 4 (line 1 column 5)"}
 at com.m2h.m2haichatbot.data.remote.NvidiaAIService$streamChat$1.invokeSuspend(NvidiaAIService.kt:102)
 at kotlin.coroutines.jvm.internal.BaseContinuationImpl.resumeWith(ContinuationImpl.kt:33)
 at kotlinx.coroutines.DispatchedTask.run(DispatchedTask.kt:104)
 at android.os.Handler.handleCallback(Handler.java:1029)
 at android.os.Handler.dispatchMessage(Handler.java:107)
 at android.os.Looper.loopOnce(Looper.java:267)
 at android.os.Looper.loop(Looper.java:360)
 at android.app.ActivityThread.main(ActivityThread.java:10054)
 at java.lang.reflect.Method.invoke(Native Method)
 at com.android.internal.os.RuntimeInit$MethodAndArgsCaller.run(RuntimeInit.java:616)
 at com.android.internal.os.ZygoteInit.main(ZygoteInit.java:1115)

⚠️ ERROR DETECTED

⏰ Time: 2026-05-14 20:59:51
📱 Device: Xiaomi 23122PCD1I (Android 16)
📦 App: M2HAI 1.0 (1)
📺 Screen: Chat

💬 Message: Chat: Streaming failed

📂 Stack Trace:
java.lang.Exception: Cannot send an empty message history
 at com.m2h.m2haichatbot.data.remote.NvidiaAIService$streamChat$1.invokeSuspend(NvidiaAIService.kt:66)
 at com.m2h.m2haichatbot.data.remote.NvidiaAIService$streamChat$1.invoke(Unknown Source:8)
 at com.m2h.m2haichatbot.data.remote.NvidiaAIService$streamChat$1.invoke(Unknown Source:4)
 at kotlinx.coroutines.flow.SafeFlow.collectSafely(Builders.kt:57)
 at kotlinx.coroutines.flow.AbstractFlow.collect(Flow.kt:226)
 at com.m2h.m2haichatbot.data.repository.ChatRepositoryImpl$streamChatResponse$2.invokeSuspend(RepositoryImpl.kt:281)
 at com.m2h.m2haichatbot.data.repository.ChatRepositoryImpl$streamChatResponse$2.invoke(Unknown Source:8)
 at com.m2h.m2haichatbot.data.repository.ChatRepositoryImpl$streamChatResponse$2.invoke(Unknown Source:4)
 at kotlinx.coroutines.flow.SafeFlow.collectSafely(Builders.kt:57)
 at kotlinx.coroutines.flow.AbstractFlow.collect(Flow.kt:226)
 at com.m2h.m2haichatbot.presentation.chat.ChatViewModel$streamAIResponse$1.invokeSuspend(ChatViewModel.kt:99)
 at kotlin.coroutines.jvm.internal.BaseContinuationImpl.resumeWith(ContinuationImpl.kt:33)
 at kotlinx.coroutines.internal.DispatchedContinuationKt.resumeCancellableWith(DispatchedContinuation.kt:363)
 at kotlinx.coroutines.intrinsics.CancellableKt.startCoroutineCancellable(Cancellable.kt:26)
 at kotlinx.coroutines.intrinsics.CancellableKt.startCoroutineCancellable$default(Cancellable.kt:21)
 at kotlinx.coroutines.CoroutineStart.invoke(CoroutineStart.kt:88)
 at kotlinx.coroutines.AbstractCoroutine.start(AbstractCoroutine.kt:123)
 at kotlinx.coroutines.BuildersKt__Builders_commonKt.launch(Builders.common.kt:52)
 at kotlinx.coroutines.BuildersKt.launch(Unknown Source:1)
 at kotlinx.coroutines.BuildersKt__Builders_commonKt.launch$default(Builders.common.kt:43)
 at kotlinx.coroutines.BuildersKt.launch$default(Unknown Source:1)
 at com.m2h.m2haichatbot.presentation.chat.ChatViewModel.streamAIResponse(ChatViewModel.kt:85)
 at com.m2h.m2haichatbot.presentation.chat.ChatViewModel.access$streamAIResponse(ChatViewModel.kt:24)
 at com.m2h.m2haichatbot.presentation.chat.ChatViewModel$sendMessage$1.invokeSuspend(ChatViewModel.kt:71)
 at kotlin.coroutines.jvm.internal.BaseContinuationImpl.resumeWith(ContinuationImpl.kt:33)
 at kotlinx.coroutines.DispatchedTask.run(DispatchedTask.kt:104)
 at android.os.Handler.handleCallback(Handler.java:1029)
 at android.os.Handler.dispatchMessage(Handler.java:107)
 at android.os.Looper.loopOnce(Looper.java:267)
 at android.os.Looper.loop(Looper.java:360)
 at android.app.ActivityThread.main(ActivityThread.java:10054)
 at java.lang.reflect.Method.invoke(Native Method)
 at com.android.internal.os.RuntimeInit$MethodAndArgsCaller.run(RuntimeInit.java:616)
 at com.android.internal.os.ZygoteInit.main(ZygoteInit.java:1115)

⚠️ ERROR DETECTED

⏰ Time: 2026-05-14 20:59:53
📱 Device: Xiaomi 23122PCD1I (Android 16)
📦 App: M2HAI 1.0 (1)
📺 Screen: Chat

💬 Message: Chat: Streaming failed

📂 Stack Trace:
java.lang.Exception: Streaming error (400): {"error":"NVIDIA Chat API failed","upstream_status":400,"details":{"status":400,"title":"Bad Request","detail":"Function id 'a1e53ece-bff4-44d1-8b13-c009e5bf47f6': DEGRADED function cannot be invoked"}}
 at com.m2h.m2haichatbot.data.remote.NvidiaAIService$streamChat$1.invokeSuspend(NvidiaAIService.kt:102)
 at kotlin.coroutines.jvm.internal.BaseContinuationImpl.resumeWith(ContinuationImpl.kt:33)
 at kotlinx.coroutines.DispatchedTask.run(DispatchedTask.kt:104)
 at android.os.Handler.handleCallback(Handler.java:1029)
 at android.os.Handler.dispatchMessage(Handler.java:107)
 at android.os.Looper.loopOnce(Looper.java:267)
 at android.os.Looper.loop(Looper.java:360)
 at android.app.ActivityThread.main(ActivityThread.java:10054)
 at java.lang.reflect.Method.invoke(Native Method)
 at com.android.internal.os.RuntimeInit$MethodAndArgsCaller.run(RuntimeInit.java:616)
 at com.android.internal.os.ZygoteInit.main(ZygoteInit.java:1115)

⚠️ ERROR DETECTED

⏰ Time: 2026-05-14 21:00:21
📱 Device: Xiaomi 23122PCD1I (Android 16)
📦 App: M2HAI 1.0 (1)
📺 Screen: Chat

💬 Message: Chat: Streaming failed

📂 Stack Trace:
java.net.SocketTimeoutException: timeout
 at okhttp3.internal.http2.Http2Stream$StreamTimeout.newTimeoutException(Http2Stream.kt:675)
 at okhttp3.internal.http2.Http2Stream$StreamTimeout.exitAndThrowIfTimedOut(Http2Stream.kt:684)
 at okhttp3.internal.http2.Http2Stream.takeHeaders(Http2Stream.kt:143)
 at okhttp3.internal.http2.Http2ExchangeCodec.readResponseHeaders(Http2ExchangeCodec.kt:97)
 at okhttp3.internal.connection.Exchange.readResponseHeaders(Exchange.kt:110)
 at okhttp3.internal.http.CallServerInterceptor.intercept(CallServerInterceptor.kt:93)
 at okhttp3.internal.http.RealInterceptorChain.proceed(RealInterceptorChain.kt:109)
 at okhttp3.internal.connection.ConnectInterceptor.intercept(ConnectInterceptor.kt:34)
 at okhttp3.internal.http.RealInterceptorChain.proceed(RealInterceptorChain.kt:109)
 at okhttp3.internal.cache.CacheInterceptor.intercept(CacheInterceptor.kt:95)
 at okhttp3.internal.http.RealInterceptorChain.proceed(RealInterceptorChain.kt:109)
 at okhttp3.internal.http.BridgeInterceptor.intercept(BridgeInterceptor.kt:83)
 at okhttp3.internal.http.RealInterceptorChain.proceed(RealInterceptorChain.kt:109)
 at okhttp3.internal.http.RetryAndFollowUpInterceptor.intercept(RetryAndFollowUpInterceptor.kt:76)
 at okhttp3.internal.http.RealInterceptorChain.proceed(RealInterceptorChain.kt:109)
 at com.m2h.m2haichatbot.di.AppModule.provideOkHttpClient$lambda$1(AppModule.kt:57)
 at com.m2h.m2haichatbot.di.AppModule.$r8$lambda$6Yw6qaWRI9SAEwBAnlCiRlmOIOQ(Unknown Source:0)
 at com.m2h.m2haichatbot.di.AppModule$$ExternalSyntheticLambda0.intercept(Unknown Source:0)
 at okhttp3.internal.http.RealInterceptorChain.proceed(RealInterceptorChain.kt:109)
 at okhttp3.logging.HttpLoggingInterceptor.intercept(HttpLoggingInterceptor.kt:221)
 at okhttp3.internal.http.RealInterceptorChain.proceed(RealInterceptorChain.kt:109)
 at okhttp3.internal.connection.RealCall.getResponseWithInterceptorChain$okhttp(RealCall.kt:201)
 at okhttp3.internal.connection.RealCall.execute(RealCall.kt:154)
 at com.m2h.m2haichatbot.data.remote.NvidiaAIService$streamChat$1$response$1.invokeSuspend(NvidiaAIService.kt:91)
 at kotlin.coroutines.jvm.internal.BaseContinuationImpl.resumeWith(ContinuationImpl.kt:33)
 at kotlinx.coroutines.DispatchedTask.run(DispatchedTask.kt:104)
 at kotlinx.coroutines.internal.LimitedDispatcher$Worker.run(LimitedDispatcher.kt:111)
 at kotlinx.coroutines.scheduling.TaskImpl.run(Tasks.kt:99)
 at kotlinx.coroutines.scheduling.CoroutineScheduler.runSafely(CoroutineScheduler.kt:584)
 at kotlinx.coroutines.scheduling.CoroutineScheduler$Worker.executeTask(CoroutineScheduler.kt:811)
 at kotlinx.coroutines.scheduling.CoroutineScheduler$Worker.runWorker(CoroutineScheduler.kt:715)
 at kotlinx.coroutines.scheduling.CoroutineScheduler$Worker.run(CoroutineScheduler.kt:702)

⚠️ ERROR DETECTED

⏰ Time: 2026-05-14 21:00:21
📱 Device: Xiaomi 23122PCD1I (Android 16)
📦 App: M2HAI 1.0 (1)
📺 Screen: Network

💬 Message: Network failure: timeout

📝 Extra: URL: https://hmovjjnhpchohwuwegvg.supabase.co/functions/v1/chat

📂 Stack Trace:
java.net.SocketTimeoutException: timeout
 at okhttp3.internal.http2.Http2Stream$StreamTimeout.newTimeoutException(Http2Stream.kt:675)
 at okhttp3.internal.http2.Http2Stream$StreamTimeout.exitAndThrowIfTimedOut(Http2Stream.kt:684)
 at okhttp3.internal.http2.Http2Stream.takeHeaders(Http2Stream.kt:143)
 at okhttp3.internal.http2.Http2ExchangeCodec.readResponseHeaders(Http2ExchangeCodec.kt:97)
 at okhttp3.internal.connection.Exchange.readResponseHeaders(Exchange.kt:110)
 at okhttp3.internal.http.CallServerInterceptor.intercept(CallServerInterceptor.kt:93)
 at okhttp3.internal.http.RealInterceptorChain.proceed(RealInterceptorChain.kt:109)
 at okhttp3.internal.connection.ConnectInterceptor.intercept(ConnectInterceptor.kt:34)
 at okhttp3.internal.http.RealInterceptorChain.proceed(RealInterceptorChain.kt:109)
 at okhttp3.internal.cache.CacheInterceptor.intercept(CacheInterceptor.kt:95)
 at okhttp3.internal.http.RealInterceptorChain.proceed(RealInterceptorChain.kt:109)
 at okhttp3.internal.http.BridgeInterceptor.intercept(BridgeInterceptor.kt:83)
 at okhttp3.internal.http.RealInterceptorChain.proceed(RealInterceptorChain.kt:109)
 at okhttp3.internal.http.RetryAndFollowUpInterceptor.intercept(RetryAndFollowUpInterceptor.kt:76)
 at okhttp3.internal.http.RealInterceptorChain.proceed(RealInterceptorChain.kt:109)
 at com.m2h.m2haichatbot.di.AppModule.provideOkHttpClient$lambda$1(AppModule.kt:57)
 at com.m2h.m2haichatbot.di.AppModule.$r8$lambda$6Yw6qaWRI9SAEwBAnlCiRlmOIOQ(Unknown Source:0)
 at com.m2h.m2haichatbot.di.AppModule$$ExternalSyntheticLambda0.intercept(Unknown Source:0)
 at okhttp3.internal.http.RealInterceptorChain.proceed(RealInterceptorChain.kt:109)
 at okhttp3.logging.HttpLoggingInterceptor.intercept(HttpLoggingInterceptor.kt:221)
 at okhttp3.internal.http.RealInterceptorChain.proceed(RealInterceptorChain.kt:109)
 at okhttp3.internal.connection.RealCall.getResponseWithInterceptorChain$okhttp(RealCall.kt:201)
 at okhttp3.internal.connection.RealCall.execute(RealCall.kt:154)
 at com.m2h.m2haichatbot.data.remote.NvidiaAIService$streamChat$1$response$1.invokeSuspend(NvidiaAIService.kt:91)
 at kotlin.coroutines.jvm.internal.BaseContinuationImpl.resumeWith(ContinuationImpl.kt:33)
 at kotlinx.coroutines.DispatchedTask.run(DispatchedTask.kt:104)
 at kotlinx.coroutines.internal.LimitedDispatcher$Worker.run(LimitedDispatcher.kt:111)
 at kotlinx.coroutines.scheduling.TaskImpl.run(Tasks.kt:99)
 at kotlinx.coroutines.scheduling.CoroutineScheduler.runSafely(CoroutineScheduler.kt:584)
 at kotlinx.coroutines.scheduling.CoroutineScheduler$Worker.executeTask(CoroutineScheduler.kt:811)
 at kotlinx.coroutines.scheduling.CoroutineScheduler$Worker.runWorker(CoroutineScheduler.kt:715)
 at kotlinx.coroutines.scheduling.CoroutineScheduler$Worker.run(CoroutineScheduler.kt:702)

⚠️ ERROR DETECTED

⏰ Time: 2026-05-14 21:00:22
📱 Device: Xiaomi 23122PCD1I (Android 16)
📦 App: M2HAI 1.0 (1)
📺 Screen: Chat

💬 Message: Chat: Streaming failed

📂 Stack Trace:
java.lang.Exception: Cannot send an empty message history
 at com.m2h.m2haichatbot.data.remote.NvidiaAIService$streamChat$1.invokeSuspend(NvidiaAIService.kt:66)
 at com.m2h.m2haichatbot.data.remote.NvidiaAIService$streamChat$1.invoke(Unknown Source:8)
 at com.m2h.m2haichatbot.data.remote.NvidiaAIService$streamChat$1.invoke(Unknown Source:4)
 at kotlinx.coroutines.flow.SafeFlow.collectSafely(Builders.kt:57)
 at kotlinx.coroutines.flow.AbstractFlow.collect(Flow.kt:226)
 at com.m2h.m2haichatbot.data.repository.ChatRepositoryImpl$streamChatResponse$2.invokeSuspend(RepositoryImpl.kt:281)
 at com.m2h.m2haichatbot.data.repository.ChatRepositoryImpl$streamChatResponse$2.invoke(Unknown Source:8)
 at com.m2h.m2haichatbot.data.repository.ChatRepositoryImpl$streamChatResponse$2.invoke(Unknown Source:4)
 at kotlinx.coroutines.flow.SafeFlow.collectSafely(Builders.kt:57)
 at kotlinx.coroutines.flow.AbstractFlow.collect(Flow.kt:226)
 at com.m2h.m2haichatbot.presentation.chat.ChatViewModel$streamAIResponse$1.invokeSuspend(ChatViewModel.kt:99)
 at kotlin.coroutines.jvm.internal.BaseContinuationImpl.resumeWith(ContinuationImpl.kt:33)
 at kotlinx.coroutines.internal.DispatchedContinuationKt.resumeCancellableWith(DispatchedContinuation.kt:363)
 at kotlinx.coroutines.intrinsics.CancellableKt.startCoroutineCancellable(Cancellable.kt:26)
 at kotlinx.coroutines.intrinsics.CancellableKt.startCoroutineCancellable$default(Cancellable.kt:21)
 at kotlinx.coroutines.CoroutineStart.invoke(CoroutineStart.kt:88)
 at kotlinx.coroutines.AbstractCoroutine.start(AbstractCoroutine.kt:123)
 at kotlinx.coroutines.BuildersKt__Builders_commonKt.launch(Builders.common.kt:52)
 at kotlinx.coroutines.BuildersKt.launch(Unknown Source:1)
 at kotlinx.coroutines.BuildersKt__Builders_commonKt.launch$default(Builders.common.kt:43)
 at kotlinx.coroutines.BuildersKt.launch$default(Unknown Source:1)
 at com.m2h.m2haichatbot.presentation.chat.ChatViewModel.streamAIResponse(ChatViewModel.kt:85)
 at com.m2h.m2haichatbot.presentation.chat.ChatViewModel.access$streamAIResponse(ChatViewModel.kt:24)
 at com.m2h.m2haichatbot.presentation.chat.ChatViewModel$sendMessage$1.invokeSuspend(ChatViewModel.kt:71)
 at kotlin.coroutines.jvm.internal.BaseContinuationImpl.resumeWith(ContinuationImpl.kt:33)
 at kotlinx.coroutines.DispatchedTask.run(DispatchedTask.kt:104)
 at android.os.Handler.handleCallback(Handler.java:1029)
 at android.os.Handler.dispatchMessage(Handler.java:107)
 at android.os.Looper.loopOnce(Looper.java:267)
 at android.os.Looper.loop(Looper.java:360)
 at android.app.ActivityThread.main(ActivityThread.java:10054)
 at java.lang.reflect.Method.invoke(Native Method)
 at com.android.internal.os.RuntimeInit$MethodAndArgsCaller.run(RuntimeInit.java:616)
 at com.android.internal.os.ZygoteInit.main(ZygoteInit.java:1115)

⚠️ ERROR DETECTED

⏰ Time: 2026-05-14 21:00:26
📱 Device: Xiaomi 23122PCD1I (Android 16)
📦 App: M2HAI 1.0 (1)
📺 Screen: Chat

💬 Message: Chat: Streaming failed

📂 Stack Trace:
java.lang.Exception: Streaming error (500): {"error":"Unexpected non-whitespace character after JSON at position 4 (line 1 column 5)"}
 at com.m2h.m2haichatbot.data.remote.NvidiaAIService$streamChat$1.invokeSuspend(NvidiaAIService.kt:102)
 at kotlin.coroutines.jvm.internal.BaseContinuationImpl.resumeWith(ContinuationImpl.kt:33)
 at kotlinx.coroutines.DispatchedTask.run(DispatchedTask.kt:104)
 at android.os.Handler.handleCallback(Handler.java:1029)
 at android.os.Handler.dispatchMessage(Handler.java:107)
 at android.os.Looper.loopOnce(Looper.java:267)
 at android.os.Looper.loop(Looper.java:360)
 at android.app.ActivityThread.main(ActivityThread.java:10054)
 at java.lang.reflect.Method.invoke(Native Method)
 at com.android.internal.os.RuntimeInit$MethodAndArgsCaller.run(RuntimeInit.java:616)
 at com.android.internal.os.ZygoteInit.main(ZygoteInit.java:1115)

⚠️ ERROR DETECTED

⏰ Time: 2026-05-14 21:00:36
📱 Device: Xiaomi 23122PCD1I (Android 16)
📦 App: M2HAI 1.0 (1)
📺 Screen: Chat

💬 Message: Chat: Streaming failed

📂 Stack Trace:
java.lang.Exception: Cannot send an empty message history
 at com.m2h.m2haichatbot.data.remote.NvidiaAIService$streamChat$1.invokeSuspend(NvidiaAIService.kt:66)
 at com.m2h.m2haichatbot.data.remote.NvidiaAIService$streamChat$1.invoke(Unknown Source:8)
 at com.m2h.m2haichatbot.data.remote.NvidiaAIService$streamChat$1.invoke(Unknown Source:4)
 at kotlinx.coroutines.flow.SafeFlow.collectSafely(Builders.kt:57)
 at kotlinx.coroutines.flow.AbstractFlow.collect(Flow.kt:226)
 at com.m2h.m2haichatbot.data.repository.ChatRepositoryImpl$streamChatResponse$2.invokeSuspend(RepositoryImpl.kt:281)
 at com.m2h.m2haichatbot.data.repository.ChatRepositoryImpl$streamChatResponse$2.invoke(Unknown Source:8)
 at com.m2h.m2haichatbot.data.repository.ChatRepositoryImpl$streamChatResponse$2.invoke(Unknown Source:4)
 at kotlinx.coroutines.flow.SafeFlow.collectSafely(Builders.kt:57)
 at kotlinx.coroutines.flow.AbstractFlow.collect(Flow.kt:226)
 at com.m2h.m2haichatbot.presentation.chat.ChatViewModel$streamAIResponse$1.invokeSuspend(ChatViewModel.kt:99)
 at kotlin.coroutines.jvm.internal.BaseContinuationImpl.resumeWith(ContinuationImpl.kt:33)
 at kotlinx.coroutines.internal.DispatchedContinuationKt.resumeCancellableWith(DispatchedContinuation.kt:363)
 at kotlinx.coroutines.intrinsics.CancellableKt.startCoroutineCancellable(Cancellable.kt:26)
 at kotlinx.coroutines.intrinsics.CancellableKt.startCoroutineCancellable$default(Cancellable.kt:21)
 at kotlinx.coroutines.CoroutineStart.invoke(CoroutineStart.kt:88)
 at kotlinx.coroutines.AbstractCoroutine.start(AbstractCoroutine.kt:123)
 at kotlinx.coroutines.BuildersKt__Builders_commonKt.launch(Builders.common.kt:52)
 at kotlinx.coroutines.BuildersKt.launch(Unknown Source:1)
 at kotlinx.coroutines.BuildersKt__Builders_commonKt.launch$default(Builders.common.kt:43)
 at kotlinx.coroutines.BuildersKt.launch$default(Unknown Source:1)
 at com.m2h.m2haichatbot.presentation.chat.ChatViewModel.streamAIResponse(ChatViewModel.kt:85)
 at com.m2h.m2haichatbot.presentation.chat.ChatViewModel.access$streamAIResponse(ChatViewModel.kt:24)
 at com.m2h.m2haichatbot.presentation.chat.ChatViewModel$sendMessage$1.invokeSuspend(ChatViewModel.kt:71)
 at kotlin.coroutines.jvm.internal.BaseContinuationImpl.resumeWith(ContinuationImpl.kt:33)
 at kotlinx.coroutines.DispatchedTask.run(DispatchedTask.kt:104)
 at android.os.Handler.handleCallback(Handler.java:1029)
 at android.os.Handler.dispatchMessage(Handler.java:107)
 at android.os.Looper.loopOnce(Looper.java:267)
 at android.os.Looper.loop(Looper.java:360)
 at android.app.ActivityThread.main(ActivityThread.java:10054)
 at java.lang.reflect.Method.invoke(Native Method)
 at com.android.internal.os.RuntimeInit$MethodAndArgsCaller.run(RuntimeInit.java:616)
 at com.android.internal.os.ZygoteInit.main(ZygoteInit.java:1115)

⚠️ ERROR DETECTED

⏰ Time: 2026-05-14 21:00:49
📱 Device: Xiaomi 23122PCD1I (Android 16)
📦 App: M2HAI 1.0 (1)
📺 Screen: Chat

💬 Message: Chat: Streaming failed

📂 Stack Trace:
java.lang.Exception: Streaming error (500): {"error":"Unexpected non-whitespace character after JSON at position 4 (line 1 column 5)"}
 at com.m2h.m2haichatbot.data.remote.NvidiaAIService$streamChat$1.invokeSuspend(NvidiaAIService.kt:102)
 at kotlin.coroutines.jvm.internal.BaseContinuationImpl.resumeWith(ContinuationImpl.kt:33)
 at kotlinx.coroutines.DispatchedTask.run(DispatchedTask.kt:104)
 at android.os.Handler.handleCallback(Handler.java:1029)
 at android.os.Handler.dispatchMessage(Handler.java:107)
 at android.os.Looper.loopOnce(Looper.java:267)
 at android.os.Looper.loop(Looper.java:360)
 at android.app.ActivityThread.main(ActivityThread.java:10054)
 at java.lang.reflect.Method.invoke(Native Method)
 at com.android.internal.os.RuntimeInit$MethodAndArgsCaller.run(RuntimeInit.java:616)
 at com.android.internal.os.ZygoteInit.main(ZygoteInit.java:1115)

⚠️ ERROR DETECTED

⏰ Time: 2026-05-14 21:01:40
📱 Device: Xiaomi 23122PCD1I (Android 16)
📦 App: M2HAI 1.0 (1)
📺 Screen: Network

💬 Message: Network failure: timeout

📝 Extra: URL: https://hmovjjnhpchohwuwegvg.supabase.co/functions/v1/chat

📂 Stack Trace:
java.net.SocketTimeoutException: timeout
 at okhttp3.internal.http2.Http2Stream$StreamTimeout.newTimeoutException(Http2Stream.kt:675)
 at okhttp3.internal.http2.Http2Stream$StreamTimeout.exitAndThrowIfTimedOut(Http2Stream.kt:684)
 at okhttp3.internal.http2.Http2Stream.takeHeaders(Http2Stream.kt:143)
 at okhttp3.internal.http2.Http2ExchangeCodec.readResponseHeaders(Http2ExchangeCodec.kt:97)
 at okhttp3.internal.connection.Exchange.readResponseHeaders(Exchange.kt:110)
 at okhttp3.internal.http.CallServerInterceptor.intercept(CallServerInterceptor.kt:93)
 at okhttp3.internal.http.RealInterceptorChain.proceed(RealInterceptorChain.kt:109)
 at okhttp3.internal.connection.ConnectInterceptor.intercept(ConnectInterceptor.kt:34)
 at okhttp3.internal.http.RealInterceptorChain.proceed(RealInterceptorChain.kt:109)
 at okhttp3.internal.cache.CacheInterceptor.intercept(CacheInterceptor.kt:95)
 at okhttp3.internal.http.RealInterceptorChain.proceed(RealInterceptorChain.kt:109)
 at okhttp3.internal.http.BridgeInterceptor.intercept(BridgeInterceptor.kt:83)
 at okhttp3.internal.http.RealInterceptorChain.proceed(RealInterceptorChain.kt:109)
 at okhttp3.internal.http.RetryAndFollowUpInterceptor.intercept(RetryAndFollowUpInterceptor.kt:76)
 at okhttp3.internal.http.RealInterceptorChain.proceed(RealInterceptorChain.kt:109)
 at com.m2h.m2haichatbot.di.AppModule.provideOkHttpClient$lambda$1(AppModule.kt:57)
 at com.m2h.m2haichatbot.di.AppModule.$r8$lambda$6Yw6qaWRI9SAEwBAnlCiRlmOIOQ(Unknown Source:0)
 at com.m2h.m2haichatbot.di.AppModule$$ExternalSyntheticLambda0.intercept(Unknown Source:0)
 at okhttp3.internal.http.RealInterceptorChain.proceed(RealInterceptorChain.kt:109)
 at okhttp3.logging.HttpLoggingInterceptor.intercept(HttpLoggingInterceptor.kt:221)
 at okhttp3.internal.http.RealInterceptorChain.proceed(RealInterceptorChain.kt:109)
 at okhttp3.internal.connection.RealCall.getResponseWithInterceptorChain$okhttp(RealCall.kt:201)
 at okhttp3.internal.connection.RealCall.execute(RealCall.kt:154)
 at com.m2h.m2haichatbot.data.remote.NvidiaAIService$streamChat$1$response$1.invokeSuspend(NvidiaAIService.kt:91)
 at kotlin.coroutines.jvm.internal.BaseContinuationImpl.resumeWith(ContinuationImpl.kt:33)
 at kotlinx.coroutines.DispatchedTask.run(DispatchedTask.kt:104)
 at kotlinx.coroutines.internal.LimitedDispatcher$Worker.run(LimitedDispatcher.kt:111)
 at kotlinx.coroutines.scheduling.TaskImpl.run(Tasks.kt:99)
 at kotlinx.coroutines.scheduling.CoroutineScheduler.runSafely(CoroutineScheduler.kt:584)
 at kotlinx.coroutines.scheduling.CoroutineScheduler$Worker.executeTask(CoroutineScheduler.kt:811)
 at kotlinx.coroutines.scheduling.CoroutineScheduler$Worker.runWorker(CoroutineScheduler.kt:715)
 at kotlinx.coroutines.scheduling.CoroutineScheduler$Worker.run(CoroutineScheduler.kt:702)

⚠️ ERROR DETECTED

⏰ Time: 2026-05-14 21:01:40
📱 Device: Xiaomi 23122PCD1I (Android 16)
📦 App: M2HAI 1.0 (1)
📺 Screen: Chat

💬 Message: Chat: Streaming failed

📂 Stack Trace:
java.net.SocketTimeoutException: timeout
 at okhttp3.internal.http2.Http2Stream$StreamTimeout.newTimeoutException(Http2Stream.kt:675)
 at okhttp3.internal.http2.Http2Stream$StreamTimeout.exitAndThrowIfTimedOut(Http2Stream.kt:684)
 at okhttp3.internal.http2.Http2Stream.takeHeaders(Http2Stream.kt:143)
 at okhttp3.internal.http2.Http2ExchangeCodec.readResponseHeaders(Http2ExchangeCodec.kt:97)
 at okhttp3.internal.connection.Exchange.readResponseHeaders(Exchange.kt:110)
 at okhttp3.internal.http.CallServerInterceptor.intercept(CallServerInterceptor.kt:93)
 at okhttp3.internal.http.RealInterceptorChain.proceed(RealInterceptorChain.kt:109)
 at okhttp3.internal.connection.ConnectInterceptor.intercept(ConnectInterceptor.kt:34)
 at okhttp3.internal.http.RealInterceptorChain.proceed(RealInterceptorChain.kt:109)
 at okhttp3.internal.cache.CacheInterceptor.intercept(CacheInterceptor.kt:95)
 at okhttp3.internal.http.RealInterceptorChain.proceed(RealInterceptorChain.kt:109)
 at okhttp3.internal.http.BridgeInterceptor.intercept(BridgeInterceptor.kt:83)
 at okhttp3.internal.http.RealInterceptorChain.proceed(RealInterceptorChain.kt:109)
 at okhttp3.internal.http.RetryAndFollowUpInterceptor.intercept(RetryAndFollowUpInterceptor.kt:76)
 at okhttp3.internal.http.RealInterceptorChain.proceed(RealInterceptorChain.kt:109)
 at com.m2h.m2haichatbot.di.AppModule.provideOkHttpClient$lambda$1(AppModule.kt:57)
 at com.m2h.m2haichatbot.di.AppModule.$r8$lambda$6Yw6qaWRI9SAEwBAnlCiRlmOIOQ(Unknown Source:0)
 at com.m2h.m2haichatbot.di.AppModule$$ExternalSyntheticLambda0.intercept(Unknown Source:0)
 at okhttp3.internal.http.RealInterceptorChain.proceed(RealInterceptorChain.kt:109)
 at okhttp3.logging.HttpLoggingInterceptor.intercept(HttpLoggingInterceptor.kt:221)
 at okhttp3.internal.http.RealInterceptorChain.proceed(RealInterceptorChain.kt:109)
 at okhttp3.internal.connection.RealCall.getResponseWithInterceptorChain$okhttp(RealCall.kt:201)
 at okhttp3.internal.connection.RealCall.execute(RealCall.kt:154)
 at com.m2h.m2haichatbot.data.remote.NvidiaAIService$streamChat$1$response$1.invokeSuspend(NvidiaAIService.kt:91)
 at kotlin.coroutines.jvm.internal.BaseContinuationImpl.resumeWith(ContinuationImpl.kt:33)
 at kotlinx.coroutines.DispatchedTask.run(DispatchedTask.kt:104)
 at kotlinx.coroutines.internal.LimitedDispatcher$Worker.run(LimitedDispatcher.kt:111)
 at kotlinx.coroutines.scheduling.TaskImpl.run(Tasks.kt:99)
 at kotlinx.coroutines.scheduling.CoroutineScheduler.runSafely(CoroutineScheduler.kt:584)
 at kotlinx.coroutines.scheduling.CoroutineScheduler$Worker.executeTask(CoroutineScheduler.kt:811)
 at kotlinx.coroutines.scheduling.CoroutineScheduler$Worker.runWorker(CoroutineScheduler.kt:715)
 at kotlinx.coroutines.scheduling.CoroutineScheduler$Worker.run(CoroutineScheduler.kt:702)

⚠️ ERROR DETECTED

⏰ Time: 2026-05-14 21:02:20
📱 Device: Xiaomi 23122PCD1I (Android 16)
📦 App: M2HAI 1.0 (1)
📺 Screen: Network

💬 Message: Network failure: timeout

📝 Extra: URL: https://hmovjjnhpchohwuwegvg.supabase.co/functions/v1/chat

📂 Stack Trace:
java.net.SocketTimeoutException: timeout
 at okhttp3.internal.http2.Http2Stream$StreamTimeout.newTimeoutException(Http2Stream.kt:675)
 at okhttp3.internal.http2.Http2Stream$StreamTimeout.exitAndThrowIfTimedOut(Http2Stream.kt:684)
 at okhttp3.internal.http2.Http2Stream.takeHeaders(Http2Stream.kt:143)
 at okhttp3.internal.http2.Http2ExchangeCodec.readResponseHeaders(Http2ExchangeCodec.kt:97)
 at okhttp3.internal.connection.Exchange.readResponseHeaders(Exchange.kt:110)
 at okhttp3.internal.http.CallServerInterceptor.intercept(CallServerInterceptor.kt:93)
 at okhttp3.internal.http.RealInterceptorChain.proceed(RealInterceptorChain.kt:109)
 at okhttp3.internal.connection.ConnectInterceptor.intercept(ConnectInterceptor.kt:34)
 at okhttp3.internal.http.RealInterceptorChain.proceed(RealInterceptorChain.kt:109)
 at okhttp3.internal.cache.CacheInterceptor.intercept(CacheInterceptor.kt:95)
 at okhttp3.internal.http.RealInterceptorChain.proceed(RealInterceptorChain.kt:109)
 at okhttp3.internal.http.BridgeInterceptor.intercept(BridgeInterceptor.kt:83)
 at okhttp3.internal.http.RealInterceptorChain.proceed(RealInterceptorChain.kt:109)
 at okhttp3.internal.http.RetryAndFollowUpInterceptor.intercept(RetryAndFollowUpInterceptor.kt:76)
 at okhttp3.internal.http.RealInterceptorChain.proceed(RealInterceptorChain.kt:109)
 at com.m2h.m2haichatbot.di.AppModule.provideOkHttpClient$lambda$1(AppModule.kt:57)
 at com.m2h.m2haichatbot.di.AppModule.$r8$lambda$6Yw6qaWRI9SAEwBAnlCiRlmOIOQ(Unknown Source:0)
 at com.m2h.m2haichatbot.di.AppModule$$ExternalSyntheticLambda0.intercept(Unknown Source:0)
 at okhttp3.internal.http.RealInterceptorChain.proceed(RealInterceptorChain.kt:109)
 at okhttp3.logging.HttpLoggingInterceptor.intercept(HttpLoggingInterceptor.kt:221)
 at okhttp3.internal.http.RealInterceptorChain.proceed(RealInterceptorChain.kt:109)
 at okhttp3.internal.connection.RealCall.getResponseWithInterceptorChain$okhttp(RealCall.kt:201)
 at okhttp3.internal.connection.RealCall.execute(RealCall.kt:154)
 at com.m2h.m2haichatbot.data.remote.NvidiaAIService$streamChat$1$response$1.invokeSuspend(NvidiaAIService.kt:91)
 at kotlin.coroutines.jvm.internal.BaseContinuationImpl.resumeWith(ContinuationImpl.kt:33)
 at kotlinx.coroutines.DispatchedTask.run(DispatchedTask.kt:104)
 at kotlinx.coroutines.internal.LimitedDispatcher$Worker.run(LimitedDispatcher.kt:111)
 at kotlinx.coroutines.scheduling.TaskImpl.run(Tasks.kt:99)
 at kotlinx.coroutines.scheduling.CoroutineScheduler.runSafely(CoroutineScheduler.kt:584)
 at kotlinx.coroutines.scheduling.CoroutineScheduler$Worker.executeTask(CoroutineScheduler.kt:811)
 at kotlinx.coroutines.scheduling.CoroutineScheduler$Worker.runWorker(CoroutineScheduler.kt:715)
 at kotlinx.coroutines.scheduling.CoroutineScheduler$Worker.run(CoroutineScheduler.kt:702)

⚠️ ERROR DETECTED

⏰ Time: 2026-05-14 21:02:20
📱 Device: Xiaomi 23122PCD1I (Android 16)
📦 App: M2HAI 1.0 (1)
📺 Screen: Chat

💬 Message: Chat: Streaming failed

📂 Stack Trace:
java.net.SocketTimeoutException: timeout
 at okhttp3.internal.http2.Http2Stream$StreamTimeout.newTimeoutException(Http2Stream.kt:675)
 at okhttp3.internal.http2.Http2Stream$StreamTimeout.exitAndThrowIfTimedOut(Http2Stream.kt:684)
 at okhttp3.internal.http2.Http2Stream.takeHeaders(Http2Stream.kt:143)
 at okhttp3.internal.http2.Http2ExchangeCodec.readResponseHeaders(Http2ExchangeCodec.kt:97)
 at okhttp3.internal.connection.Exchange.readResponseHeaders(Exchange.kt:110)
 at okhttp3.internal.http.CallServerInterceptor.intercept(CallServerInterceptor.kt:93)
 at okhttp3.internal.http.RealInterceptorChain.proceed(RealInterceptorChain.kt:109)
 at okhttp3.internal.connection.ConnectInterceptor.intercept(ConnectInterceptor.kt:34)
 at okhttp3.internal.http.RealInterceptorChain.proceed(RealInterceptorChain.kt:109)
 at okhttp3.internal.cache.CacheInterceptor.intercept(CacheInterceptor.kt:95)
 at okhttp3.internal.http.RealInterceptorChain.proceed(RealInterceptorChain.kt:109)
 at okhttp3.internal.http.BridgeInterceptor.intercept(BridgeInterceptor.kt:83)
 at okhttp3.internal.http.RealInterceptorChain.proceed(RealInterceptorChain.kt:109)
 at okhttp3.internal.http.RetryAndFollowUpInterceptor.intercept(RetryAndFollowUpInterceptor.kt:76)
 at okhttp3.internal.http.RealInterceptorChain.proceed(RealInterceptorChain.kt:109)
 at com.m2h.m2haichatbot.di.AppModule.provideOkHttpClient$lambda$1(AppModule.kt:57)
 at com.m2h.m2haichatbot.di.AppModule.$r8$lambda$6Yw6qaWRI9SAEwBAnlCiRlmOIOQ(Unknown Source:0)
 at com.m2h.m2haichatbot.di.AppModule$$ExternalSyntheticLambda0.intercept(Unknown Source:0)
 at okhttp3.internal.http.RealInterceptorChain.proceed(RealInterceptorChain.kt:109)
 at okhttp3.logging.HttpLoggingInterceptor.intercept(HttpLoggingInterceptor.kt:221)
 at okhttp3.internal.http.RealInterceptorChain.proceed(RealInterceptorChain.kt:109)
 at okhttp3.internal.connection.RealCall.getResponseWithInterceptorChain$okhttp(RealCall.kt:201)
 at okhttp3.internal.connection.RealCall.execute(RealCall.kt:154)
 at com.m2h.m2haichatbot.data.remote.NvidiaAIService$streamChat$1$response$1.invokeSuspend(NvidiaAIService.kt:91)
 at kotlin.coroutines.jvm.internal.BaseContinuationImpl.resumeWith(ContinuationImpl.kt:33)
 at kotlinx.coroutines.DispatchedTask.run(DispatchedTask.kt:104)
 at kotlinx.coroutines.internal.LimitedDispatcher$Worker.run(LimitedDispatcher.kt:111)
 at kotlinx.coroutines.scheduling.TaskImpl.run(Tasks.kt:99)
 at kotlinx.coroutines.scheduling.CoroutineScheduler.runSafely(CoroutineScheduler.kt:584)
 at kotlinx.coroutines.scheduling.CoroutineScheduler$Worker.executeTask(CoroutineScheduler.kt:811)
 at kotlinx.coroutines.scheduling.CoroutineScheduler$Worker.runWorker(CoroutineScheduler.kt:715)
 at kotlinx.coroutines.scheduling.CoroutineScheduler$Worker.run(CoroutineScheduler.kt:702)

⚠️ ERROR DETECTED

⏰ Time: 2026-05-14 21:02:38
📱 Device: Xiaomi 23122PCD1I (Android 16)
📦 App: M2HAI 1.0 (1)
📺 Screen: Network

💬 Message: Network failure: timeout

📝 Extra: URL: https://hmovjjnhpchohwuwegvg.supabase.co/functions/v1/chat

📂 Stack Trace:
java.net.SocketTimeoutException: timeout
 at okhttp3.internal.http2.Http2Stream$StreamTimeout.newTimeoutException(Http2Stream.kt:675)
 at okhttp3.internal.http2.Http2Stream$StreamTimeout.exitAndThrowIfTimedOut(Http2Stream.kt:684)
 at okhttp3.internal.http2.Http2Stream.takeHeaders(Http2Stream.kt:143)
 at okhttp3.internal.http2.Http2ExchangeCodec.readResponseHeaders(Http2ExchangeCodec.kt:97)
 at okhttp3.internal.connection.Exchange.readResponseHeaders(Exchange.kt:110)
 at okhttp3.internal.http.CallServerInterceptor.intercept(CallServerInterceptor.kt:93)
 at okhttp3.internal.http.RealInterceptorChain.proceed(RealInterceptorChain.kt:109)
 at okhttp3.internal.connection.ConnectInterceptor.intercept(ConnectInterceptor.kt:34)
 at okhttp3.internal.http.RealInterceptorChain.proceed(RealInterceptorChain.kt:109)
 at okhttp3.internal.cache.CacheInterceptor.intercept(CacheInterceptor.kt:95)
 at okhttp3.internal.http.RealInterceptorChain.proceed(RealInterceptorChain.kt:109)
 at okhttp3.internal.http.BridgeInterceptor.intercept(BridgeInterceptor.kt:83)
 at okhttp3.internal.http.RealInterceptorChain.proceed(RealInterceptorChain.kt:109)
 at okhttp3.internal.http.RetryAndFollowUpInterceptor.intercept(RetryAndFollowUpInterceptor.kt:76)
 at okhttp3.internal.http.RealInterceptorChain.proceed(RealInterceptorChain.kt:109)
 at com.m2h.m2haichatbot.di.AppModule.provideOkHttpClient$lambda$1(AppModule.kt:57)
 at com.m2h.m2haichatbot.di.AppModule.$r8$lambda$6Yw6qaWRI9SAEwBAnlCiRlmOIOQ(Unknown Source:0)
 at com.m2h.m2haichatbot.di.AppModule$$ExternalSyntheticLambda0.intercept(Unknown Source:0)
 at okhttp3.internal.http.RealInterceptorChain.proceed(RealInterceptorChain.kt:109)
 at okhttp3.logging.HttpLoggingInterceptor.intercept(HttpLoggingInterceptor.kt:221)
 at okhttp3.internal.http.RealInterceptorChain.proceed(RealInterceptorChain.kt:109)
 at okhttp3.internal.connection.RealCall.getResponseWithInterceptorChain$okhttp(RealCall.kt:201)
 at okhttp3.internal.connection.RealCall.execute(RealCall.kt:154)
 at com.m2h.m2haichatbot.data.remote.NvidiaAIService$streamChat$1$response$1.invokeSuspend(NvidiaAIService.kt:91)
 at kotlin.coroutines.jvm.internal.BaseContinuationImpl.resumeWith(ContinuationImpl.kt:33)
 at kotlinx.coroutines.DispatchedTask.run(DispatchedTask.kt:104)
 at kotlinx.coroutines.internal.LimitedDispatcher$Worker.run(LimitedDispatcher.kt:111)
 at kotlinx.coroutines.scheduling.TaskImpl.run(Tasks.kt:99)
 at kotlinx.coroutines.scheduling.CoroutineScheduler.runSafely(CoroutineScheduler.kt:584)
 at kotlinx.coroutines.scheduling.CoroutineScheduler$Worker.executeTask(CoroutineScheduler.kt:811)
 at kotlinx.coroutines.scheduling.CoroutineScheduler$Worker.runWorker(CoroutineScheduler.kt:715)
 at kotlinx.coroutines.scheduling.CoroutineScheduler$Worker.run(CoroutineScheduler.kt:702)

⚠️ ERROR DETECTED

⏰ Time: 2026-05-14 21:02:38
📱 Device: Xiaomi 23122PCD1I (Android 16)
📦 App: M2HAI 1.0 (1)
📺 Screen: Chat

💬 Message: Chat: Streaming failed

📂 Stack Trace:
java.net.SocketTimeoutException: timeout
 at okhttp3.internal.http2.Http2Stream$StreamTimeout.newTimeoutException(Http2Stream.kt:675)
 at okhttp3.internal.http2.Http2Stream$StreamTimeout.exitAndThrowIfTimedOut(Http2Stream.kt:684)
 at okhttp3.internal.http2.Http2Stream.takeHeaders(Http2Stream.kt:143)
 at okhttp3.internal.http2.Http2ExchangeCodec.readResponseHeaders(Http2ExchangeCodec.kt:97)
 at okhttp3.internal.connection.Exchange.readResponseHeaders(Exchange.kt:110)
 at okhttp3.internal.http.CallServerInterceptor.intercept(CallServerInterceptor.kt:93)
 at okhttp3.internal.http.RealInterceptorChain.proceed(RealInterceptorChain.kt:109)
 at okhttp3.internal.connection.ConnectInterceptor.intercept(ConnectInterceptor.kt:34)
 at okhttp3.internal.http.RealInterceptorChain.proceed(RealInterceptorChain.kt:109)
 at okhttp3.internal.cache.CacheInterceptor.intercept(CacheInterceptor.kt:95)
 at okhttp3.internal.http.RealInterceptorChain.proceed(RealInterceptorChain.kt:109)
 at okhttp3.internal.http.BridgeInterceptor.intercept(BridgeInterceptor.kt:83)
 at okhttp3.internal.http.RealInterceptorChain.proceed(RealInterceptorChain.kt:109)
 at okhttp3.internal.http.RetryAndFollowUpInterceptor.intercept(RetryAndFollowUpInterceptor.kt:76)
 at okhttp3.internal.http.RealInterceptorChain.proceed(RealInterceptorChain.kt:109)
 at com.m2h.m2haichatbot.di.AppModule.provideOkHttpClient$lambda$1(AppModule.kt:57)
 at com.m2h.m2haichatbot.di.AppModule.$r8$lambda$6Yw6qaWRI9SAEwBAnlCiRlmOIOQ(Unknown Source:0)
 at com.m2h.m2haichatbot.di.AppModule$$ExternalSyntheticLambda0.intercept(Unknown Source:0)
 at okhttp3.internal.http.RealInterceptorChain.proceed(RealInterceptorChain.kt:109)
 at okhttp3.logging.HttpLoggingInterceptor.intercept(HttpLoggingInterceptor.kt:221)
 at okhttp3.internal.http.RealInterceptorChain.proceed(RealInterceptorChain.kt:109)
 at okhttp3.internal.connection.RealCall.getResponseWithInterceptorChain$okhttp(RealCall.kt:201)
 at okhttp3.internal.connection.RealCall.execute(RealCall.kt:154)
 at com.m2h.m2haichatbot.data.remote.NvidiaAIService$streamChat$1$response$1.invokeSuspend(NvidiaAIService.kt:91)
 at kotlin.coroutines.jvm.internal.BaseContinuationImpl.resumeWith(ContinuationImpl.kt:33)
 at kotlinx.coroutines.DispatchedTask.run(DispatchedTask.kt:104)
 at kotlinx.coroutines.internal.LimitedDispatcher$Worker.run(LimitedDispatcher.kt:111)
 at kotlinx.coroutines.scheduling.TaskImpl.run(Tasks.kt:99)
 at kotlinx.coroutines.scheduling.CoroutineScheduler.runSafely(CoroutineScheduler.kt:584)
 at kotlinx.coroutines.scheduling.CoroutineScheduler$Worker.executeTask(CoroutineScheduler.kt:811)
 at kotlinx.coroutines.scheduling.CoroutineScheduler$Worker.runWorker(CoroutineScheduler.kt:715)
 at kotlinx.coroutines.scheduling.CoroutineScheduler$Worker.run(CoroutineScheduler.kt:702)

⚠️ ERROR DETECTED

⏰ Time: 2026-05-14 21:02:53
📱 Device: Xiaomi 23122PCD1I (Android 16)
📦 App: M2HAI 1.0 (1)
📺 Screen: Chat

💬 Message: Chat: Streaming failed

📂 Stack Trace:
java.lang.Exception: Cannot send an empty message history
 at com.m2h.m2haichatbot.data.remote.NvidiaAIService$streamChat$1.invokeSuspend(NvidiaAIService.kt:66)
 at com.m2h.m2haichatbot.data.remote.NvidiaAIService$streamChat$1.invoke(Unknown Source:8)
 at com.m2h.m2haichatbot.data.remote.NvidiaAIService$streamChat$1.invoke(Unknown Source:4)
 at kotlinx.coroutines.flow.SafeFlow.collectSafely(Builders.kt:57)
 at kotlinx.coroutines.flow.AbstractFlow.collect(Flow.kt:226)
 at com.m2h.m2haichatbot.data.repository.ChatRepositoryImpl$streamChatResponse$2.invokeSuspend(RepositoryImpl.kt:281)
 at com.m2h.m2haichatbot.data.repository.ChatRepositoryImpl$streamChatResponse$2.invoke(Unknown Source:8)
 at com.m2h.m2haichatbot.data.repository.ChatRepositoryImpl$streamChatResponse$2.invoke(Unknown Source:4)
 at kotlinx.coroutines.flow.SafeFlow.collectSafely(Builders.kt:57)
 at kotlinx.coroutines.flow.AbstractFlow.collect(Flow.kt:226)
 at com.m2h.m2haichatbot.presentation.chat.ChatViewModel$streamAIResponse$1.invokeSuspend(ChatViewModel.kt:99)
 at kotlin.coroutines.jvm.internal.BaseContinuationImpl.resumeWith(ContinuationImpl.kt:33)
 at kotlinx.coroutines.internal.DispatchedContinuationKt.resumeCancellableWith(DispatchedContinuation.kt:363)
 at kotlinx.coroutines.intrinsics.CancellableKt.startCoroutineCancellable(Cancellable.kt:26)
 at kotlinx.coroutines.intrinsics.CancellableKt.startCoroutineCancellable$default(Cancellable.kt:21)
 at kotlinx.coroutines.CoroutineStart.invoke(CoroutineStart.kt:88)
 at kotlinx.coroutines.AbstractCoroutine.start(AbstractCoroutine.kt:123)
 at kotlinx.coroutines.BuildersKt__Builders_commonKt.launch(Builders.common.kt:52)
 at kotlinx.coroutines.BuildersKt.launch(Unknown Source:1)
 at kotlinx.coroutines.BuildersKt__Builders_commonKt.launch$default(Builders.common.kt:43)
 at kotlinx.coroutines.BuildersKt.launch$default(Unknown Source:1)
 at com.m2h.m2haichatbot.presentation.chat.ChatViewModel.streamAIResponse(ChatViewModel.kt:85)
 at com.m2h.m2haichatbot.presentation.chat.ChatViewModel.access$streamAIResponse(ChatViewModel.kt:24)
 at com.m2h.m2haichatbot.presentation.chat.ChatViewModel$sendMessage$1.invokeSuspend(ChatViewModel.kt:71)
 at kotlin.coroutines.jvm.internal.BaseContinuationImpl.resumeWith(ContinuationImpl.kt:33)
 at kotlinx.coroutines.DispatchedTask.run(DispatchedTask.kt:104)
 at android.os.Handler.handleCallback(Handler.java:1029)
 at android.os.Handler.dispatchMessage(Handler.java:107)
 at android.os.Looper.loopOnce(Looper.java:267)
 at android.os.Looper.loop(Looper.java:360)
 at android.app.ActivityThread.main(ActivityThread.java:10054)
 at java.lang.reflect.Method.invoke(Native Method)
 at com.android.internal.os.RuntimeInit$MethodAndArgsCaller.run(RuntimeInit.java:616)
 at com.android.internal.os.ZygoteInit.main(ZygoteInit.java:1115)

⚠️ ERROR DETECTED

⏰ Time: 2026-05-14 21:05:37
📱 Device: Xiaomi 23122PCD1I (Android 16)
📦 App: M2HAI 1.0 (1)
📺 Screen: Chat

💬 Message: Chat: Streaming failed

📂 Stack Trace:
java.lang.Exception: Streaming error (400): {"error":"NVIDIA Chat API failed","upstream_status":400,"details":"{\"error\":{\"message\":\"After the optional system message, conversation roles must alternate user/assistant/user/assistant/... After the optional system message, conversation roles must alternate user/assistant/user/assistant/...\",\"type\":\"BadRequestError\",\"param\":null,\"code\":400}}"}
 at com.m2h.m2haichatbot.data.remote.NvidiaAIService$streamChat$1.invokeSuspend(NvidiaAIService.kt:102)
 at kotlin.coroutines.jvm.internal.BaseContinuationImpl.resumeWith(ContinuationImpl.kt:33)
 at kotlinx.coroutines.DispatchedTask.run(DispatchedTask.kt:104)
 at android.os.Handler.handleCallback(Handler.java:1029)
 at android.os.Handler.dispatchMessage(Handler.java:107)
 at android.os.Looper.loopOnce(Looper.java:267)
 at android.os.Looper.loop(Looper.java:360)
 at android.app.ActivityThread.main(ActivityThread.java:10054)
 at java.lang.reflect.Method.invoke(Native Method)
 at com.android.internal.os.RuntimeInit$MethodAndArgsCaller.run(RuntimeInit.java:616)
 at com.android.internal.os.ZygoteInit.main(ZygoteInit.java:1115)

⚠️ ERROR DETECTED

⏰ Time: 2026-05-14 21:06:54
📱 Device: Xiaomi 23122PCD1I (Android 16)
📦 App: M2HAI 1.0 (1)
📺 Screen: Chat

💬 Message: Chat: Streaming failed

📂 Stack Trace:
kotlinx.coroutines.JobCancellationException: Job was cancelled; job=SupervisorJobImpl{Cancelling}@9a08340

⚠️ ERROR DETECTED

⏰ Time: 2026-05-14 21:07:15
📱 Device: Xiaomi 23122PCD1I (Android 16)
📦 App: M2HAI 1.0 (1)
📺 Screen: Chat

💬 Message: Chat: Streaming failed

📂 Stack Trace:
java.lang.Exception: Cannot send an empty message history
 at com.m2h.m2haichatbot.data.remote.NvidiaAIService$streamChat$1.invokeSuspend(NvidiaAIService.kt:66)
 at com.m2h.m2haichatbot.data.remote.NvidiaAIService$streamChat$1.invoke(Unknown Source:8)
 at com.m2h.m2haichatbot.data.remote.NvidiaAIService$streamChat$1.invoke(Unknown Source:4)
 at kotlinx.coroutines.flow.SafeFlow.collectSafely(Builders.kt:57)
 at kotlinx.coroutines.flow.AbstractFlow.collect(Flow.kt:226)
 at com.m2h.m2haichatbot.data.repository.ChatRepositoryImpl$streamChatResponse$2.invokeSuspend(RepositoryImpl.kt:281)
 at com.m2h.m2haichatbot.data.repository.ChatRepositoryImpl$streamChatResponse$2.invoke(Unknown Source:8)
 at com.m2h.m2haichatbot.data.repository.ChatRepositoryImpl$streamChatResponse$2.invoke(Unknown Source:4)
 at kotlinx.coroutines.flow.SafeFlow.collectSafely(Builders.kt:57)
 at kotlinx.coroutines.flow.AbstractFlow.collect(Flow.kt:226)
 at com.m2h.m2haichatbot.presentation.chat.ChatViewModel$streamAIResponse$1.invokeSuspend(ChatViewModel.kt:99)
 at kotlin.coroutines.jvm.internal.BaseContinuationImpl.resumeWith(ContinuationImpl.kt:33)
 at kotlinx.coroutines.internal.DispatchedContinuationKt.resumeCancellableWith(DispatchedContinuation.kt:363)
 at kotlinx.coroutines.intrinsics.CancellableKt.startCoroutineCancellable(Cancellable.kt:26)
 at kotlinx.coroutines.intrinsics.CancellableKt.startCoroutineCancellable$default(Cancellable.kt:21)
 at kotlinx.coroutines.CoroutineStart.invoke(CoroutineStart.kt:88)
 at kotlinx.coroutines.AbstractCoroutine.start(AbstractCoroutine.kt:123)
 at kotlinx.coroutines.BuildersKt__Builders_commonKt.launch(Builders.common.kt:52)
 at kotlinx.coroutines.BuildersKt.launch(Unknown Source:1)
 at kotlinx.coroutines.BuildersKt__Builders_commonKt.launch$default(Builders.common.kt:43)
 at kotlinx.coroutines.BuildersKt.launch$default(Unknown Source:1)
 at com.m2h.m2haichatbot.presentation.chat.ChatViewModel.streamAIResponse(ChatViewModel.kt:85)
 at com.m2h.m2haichatbot.presentation.chat.ChatViewModel.access$streamAIResponse(ChatViewModel.kt:24)
 at com.m2h.m2haichatbot.presentation.chat.ChatViewModel$sendMessage$1.invokeSuspend(ChatViewModel.kt:71)
 at kotlin.coroutines.jvm.internal.BaseContinuationImpl.resumeWith(ContinuationImpl.kt:33)
 at kotlinx.coroutines.DispatchedTask.run(DispatchedTask.kt:104)
 at android.os.Handler.handleCallback(Handler.java:1029)
 at android.os.Handler.dispatchMessage(Handler.java:107)
 at android.os.Looper.loopOnce(Looper.java:267)
 at android.os.Looper.loop(Looper.java:360)
 at android.app.ActivityThread.main(ActivityThread.java:10054)
 at java.lang.reflect.Method.invoke(Native Method)
 at com.android.internal.os.RuntimeInit$MethodAndArgsCaller.run(RuntimeInit.java:616)
 at com.android.internal.os.ZygoteInit.main(ZygoteInit.java:1115)

⚠️ ERROR DETECTED

⏰ Time: 2026-05-14 21:07:19
📱 Device: Xiaomi 23122PCD1I (Android 16)
📦 App: M2HAI 1.0 (1)
📺 Screen: Chat

💬 Message: Chat: Streaming failed

📂 Stack Trace:
java.lang.Exception: Streaming error (404): {"error":"NVIDIA Chat API failed","upstream_status":404,"details":"404 page not found\n"}
 at com.m2h.m2haichatbot.data.remote.NvidiaAIService$streamChat$1.invokeSuspend(NvidiaAIService.kt:102)
 at kotlin.coroutines.jvm.internal.BaseContinuationImpl.resumeWith(ContinuationImpl.kt:33)
 at kotlinx.coroutines.DispatchedTask.run(DispatchedTask.kt:104)
 at android.os.Handler.handleCallback(Handler.java:1029)
 at android.os.Handler.dispatchMessage(Handler.java:107)
 at android.os.Looper.loopOnce(Looper.java:267)
 at android.os.Looper.loop(Looper.java:360)
 at android.app.ActivityThread.main(ActivityThread.java:10054)
 at java.lang.reflect.Method.invoke(Native Method)
 at com.android.internal.os.RuntimeInit$MethodAndArgsCaller.run(RuntimeInit.java:616)
 at com.android.internal.os.ZygoteInit.main(ZygoteInit.java:1115)

⚠️ ERROR DETECTED

⏰ Time: 2026-05-14 21:07:34
📱 Device: Xiaomi 23122PCD1I (Android 16)
📦 App: M2HAI 1.0 (1)
📺 Screen: Chat

💬 Message: Chat: Streaming failed

📂 Stack Trace:
java.lang.Exception: Streaming error (404): {"error":"NVIDIA Chat API failed","upstream_status":404,"details":"404 page not found\n"}
 at com.m2h.m2haichatbot.data.remote.NvidiaAIService$streamChat$1.invokeSuspend(NvidiaAIService.kt:102)
 at kotlin.coroutines.jvm.internal.BaseContinuationImpl.resumeWith(ContinuationImpl.kt:33)
 at kotlinx.coroutines.DispatchedTask.run(DispatchedTask.kt:104)
 at android.os.Handler.handleCallback(Handler.java:1029)
 at android.os.Handler.dispatchMessage(Handler.java:107)
 at android.os.Looper.loopOnce(Looper.java:267)
 at android.os.Looper.loop(Looper.java:360)
 at android.app.ActivityThread.main(ActivityThread.java:10054)
 at java.lang.reflect.Method.invoke(Native Method)
 at com.android.internal.os.RuntimeInit$MethodAndArgsCaller.run(RuntimeInit.java:616)
 at com.android.internal.os.ZygoteInit.main(ZygoteInit.java:1115)